2019-06-18 15:28:14,148 INFO o.a.j.u.JMeterUtils: Setting Locale to en_US
2019-06-18 15:28:14,184 INFO o.a.j.JMeter: Loading user properties from: /home/octoperf/apache-jmeter-5.1.1/bin/user.properties
2019-06-18 15:28:14,185 INFO o.a.j.JMeter: Loading system properties from: /home/octoperf/apache-jmeter-5.1.1/bin/system.properties
2019-06-18 15:28:14,191 INFO o.a.j.JMeter: Copyright (c) 1998-2019 The Apache Software Foundation
2019-06-18 15:28:14,191 INFO o.a.j.JMeter: Version 5.1.1 r1855137
2019-06-18 15:28:14,191 INFO o.a.j.JMeter: java.version=11.0.1
2019-06-18 15:28:14,191 INFO o.a.j.JMeter: java.vm.name=OpenJDK 64-Bit Server VM
2019-06-18 15:28:14,191 INFO o.a.j.JMeter: os.name=Linux
2019-06-18 15:28:14,191 INFO o.a.j.JMeter: os.arch=amd64
2019-06-18 15:28:14,191 INFO o.a.j.JMeter: os.version=4.15.0-1010-aws
2019-06-18 15:28:14,191 INFO o.a.j.JMeter: file.encoding=ANSI_X3.4-1968
2019-06-18 15:28:14,191 INFO o.a.j.JMeter: java.awt.headless=true
2019-06-18 15:28:14,192 INFO o.a.j.JMeter: Max memory     =341835776
2019-06-18 15:28:14,192 INFO o.a.j.JMeter: Available Processors =2
2019-06-18 15:28:14,200 INFO o.a.j.JMeter: Default Locale=English (United States)
2019-06-18 15:28:14,200 INFO o.a.j.JMeter: JMeter  Locale=English (United States)
2019-06-18 15:28:14,200 INFO o.a.j.JMeter: JMeterHome=/home/octoperf/apache-jmeter-5.1.1
2019-06-18 15:28:14,200 INFO o.a.j.JMeter: user.dir  =/home/octoperf/apache-jmeter-5.1.1
2019-06-18 15:28:14,200 INFO o.a.j.JMeter: PWD       =/home/octoperf/apache-jmeter-5.1.1
2019-06-18 15:28:14,201 INFO o.a.j.JMeter: IP: 172.17.0.3 Name: 5bbc82a85c1c FullName: 5bbc82a85c1c
2019-06-18 15:28:14,205 INFO o.a.j.s.FileServer: Default base='/home/octoperf/apache-jmeter-5.1.1'
2019-06-18 15:28:14,206 INFO o.a.j.s.FileServer: Set new base='/home/octoperf/apache-jmeter-5.1.1'
2019-06-18 15:28:14,362 INFO o.a.j.s.SaveService: Testplan (JMX) version: 2.2. Testlog (JTL) version: 2.2
2019-06-18 15:28:14,384 INFO o.a.j.s.SaveService: Using SaveService properties version 5.0
2019-06-18 15:28:14,389 INFO o.a.j.s.SaveService: Using SaveService properties file encoding UTF-8
2019-06-18 15:28:14,393 INFO o.a.j.s.SaveService: Loading file: scenario.jmx
2019-06-18 15:28:14,472 INFO o.a.j.p.h.c.CookieManager: Settings: Delete null: true Check: true Allow variable: true Save: false Prefix: COOKIE_
2019-06-18 15:28:14,475 INFO o.a.j.p.h.c.CacheManager: Will only cache the following methods: [GET]
2019-06-18 15:28:14,487 INFO o.a.j.p.h.s.HTTPSamplerBase: Parser for text/html is org.apache.jmeter.protocol.http.parser.LagartoBasedHtmlParser
2019-06-18 15:28:14,487 INFO o.a.j.p.h.s.HTTPSamplerBase: Parser for application/xhtml+xml is org.apache.jmeter.protocol.http.parser.LagartoBasedHtmlParser
2019-06-18 15:28:14,487 INFO o.a.j.p.h.s.HTTPSamplerBase: Parser for application/xml is org.apache.jmeter.protocol.http.parser.LagartoBasedHtmlParser
2019-06-18 15:28:14,487 INFO o.a.j.p.h.s.HTTPSamplerBase: Parser for text/xml is org.apache.jmeter.protocol.http.parser.LagartoBasedHtmlParser
2019-06-18 15:28:14,487 INFO o.a.j.p.h.s.HTTPSamplerBase: Parser for text/vnd.wap.wml is org.apache.jmeter.protocol.http.parser.RegexpHTMLParser
2019-06-18 15:28:14,488 INFO o.a.j.p.h.s.HTTPSamplerBase: Parser for text/css is org.apache.jmeter.protocol.http.parser.CssParser
2019-06-18 15:28:14,496 INFO o.a.j.s.SampleEvent: List of sample_variables: []
2019-06-18 15:28:14,507 INFO o.a.j.JMeter: Creating summariser <summary>
2019-06-18 15:28:14,514 INFO o.a.j.e.StandardJMeterEngine: Running the test!
2019-06-18 15:28:14,514 INFO o.a.j.s.SampleEvent: List of sample_variables: []
2019-06-18 15:28:14,524 INFO o.a.j.JMeter: Starting Beanshell server (11143,./extras/startup.bsh)
2019-06-18 15:28:14,537 INFO o.a.j.e.u.CompoundVariable: Note: Function class names must contain the string: '.functions.'
2019-06-18 15:28:14,537 INFO o.a.j.e.u.CompoundVariable: Note: Function class names must not contain the string: '.gui.'
2019-06-18 15:28:15,108 INFO c.o.JMeterPlugin: Test Mode = STANDARD
2019-06-18 15:28:15,843 INFO o.a.j.JMeter: Running test (1560871695842)
2019-06-18 15:28:15,896 INFO o.a.j.e.StandardJMeterEngine: Starting ThreadGroup: 1 : Leopard Seal
2019-06-18 15:28:15,896 INFO o.a.j.e.StandardJMeterEngine: Starting 10 threads for group Leopard Seal.
2019-06-18 15:28:15,896 INFO o.a.j.e.StandardJMeterEngine: Thread will continue on error
2019-06-18 15:28:15,898 INFO o.a.j.t.ThreadGroup: Starting thread group... number=1 threads=10 ramp-up=300 delayedStart=false
2019-06-18 15:28:15,938 INFO o.a.j.t.JMeterThread: Thread started: Leopard Seal 1-1
2019-06-18 15:28:15,957 INFO o.a.j.t.ThreadGroup: Started thread group number 1
2019-06-18 15:28:15,957 INFO o.a.j.e.StandardJMeterEngine: All thread groups have been started
2019-06-18 15:28:15,971 INFO o.a.j.u.JsseSSLManager: Using default SSL protocol: TLS
2019-06-18 15:28:15,971 INFO o.a.j.u.JsseSSLManager: SSL session context: per-thread
2019-06-18 15:28:15,984 INFO o.a.j.p.h.s.HTTPHCAbstractImpl: Local host = 5bbc82a85c1c
2019-06-18 15:28:16,007 INFO o.a.j.p.h.s.HTTPHC4Impl: HTTP request retry count = 0
2019-06-18 15:28:16,010 INFO o.a.j.s.SampleResult: Note: Sample TimeStamps are START times
2019-06-18 15:28:16,010 INFO o.a.j.s.SampleResult: sampleresult.default.encoding is set to ISO-8859-1
2019-06-18 15:28:16,010 INFO o.a.j.s.SampleResult: sampleresult.useNanoTime=true
2019-06-18 15:28:16,010 INFO o.a.j.s.SampleResult: sampleresult.nanoThreadSleep=5000
2019-06-18 15:28:16,071 INFO o.a.j.u.SSLManager: JmeterKeyStore Location:  type JKS
2019-06-18 15:28:16,076 INFO o.a.j.u.SSLManager: KeyStore created OK
2019-06-18 15:28:16,076 WARN o.a.j.u.SSLManager: Keystore file not found, loading empty keystore
2019-06-18 15:28:16,239 INFO o.a.j.p.h.s.h.LazyLayeredConnectionSocketFactory: Setting up HTTPS TrustAll Socket Factory
2019-06-18 15:28:30,028 INFO o.a.j.r.Summariser: summary +    191 in 00:00:14 =   13.5/s Avg:    71 Min:    65 Max:   248 Err:     0 (0.00%) Active: 1 Started: 1 Finished: 0
2019-06-18 15:28:45,929 INFO o.a.j.t.JMeterThread: Thread started: Leopard Seal 1-2
2019-06-18 15:29:00,064 INFO o.a.j.r.Summariser: summary +    649 in 00:00:30 =   21.6/s Avg:    67 Min:    62 Max:    84 Err:     0 (0.00%) Active: 2 Started: 2 Finished: 0
2019-06-18 15:29:00,065 INFO o.a.j.r.Summariser: summary =    840 in 00:00:44 =   19.0/s Avg:    68 Min:    62 Max:   248 Err:     0 (0.00%)
2019-06-18 15:29:15,923 INFO o.a.j.t.JMeterThread: Thread started: Leopard Seal 1-3
2019-06-18 15:29:30,011 INFO o.a.j.r.Summariser: summary +   1105 in 00:00:30 =   36.9/s Avg:    66 Min:    62 Max:   102 Err:     0 (0.00%) Active: 3 Started: 3 Finished: 0
2019-06-18 15:29:30,011 INFO o.a.j.r.Summariser: summary =   1945 in 00:01:14 =   26.2/s Avg:    67 Min:    62 Max:   248 Err:     0 (0.00%)
2019-06-18 15:29:45,919 INFO o.a.j.t.JMeterThread: Thread started: Leopard Seal 1-4
2019-06-18 15:30:00,052 INFO o.a.j.r.Summariser: summary +   1531 in 00:00:30 =   51.0/s Avg:    67 Min:    61 Max:   177 Err:     0 (0.00%) Active: 4 Started: 4 Finished: 0
2019-06-18 15:30:00,053 INFO o.a.j.r.Summariser: summary =   3476 in 00:01:44 =   33.4/s Avg:    67 Min:    61 Max:   248 Err:     0 (0.00%)
2019-06-18 15:30:15,912 INFO o.a.j.t.JMeterThread: Thread started: Leopard Seal 1-5
2019-06-18 15:30:30,026 INFO o.a.j.r.Summariser: summary +   1985 in 00:00:30 =   66.2/s Avg:    67 Min:    22 Max:   107 Err:     0 (0.00%) Active: 5 Started: 5 Finished: 0
2019-06-18 15:30:30,027 INFO o.a.j.r.Summariser: summary =   5461 in 00:02:14 =   40.7/s Avg:    67 Min:    22 Max:   248 Err:     0 (0.00%)
2019-06-18 15:30:45,911 INFO o.a.j.t.JMeterThread: Thread started: Leopard Seal 1-6
2019-06-18 15:31:00,014 INFO o.a.j.r.Summariser: summary +   2440 in 00:00:30 =   81.4/s Avg:    67 Min:    18 Max:   104 Err:     0 (0.00%) Active: 6 Started: 6 Finished: 0
2019-06-18 15:31:00,014 INFO o.a.j.r.Summariser: summary =   7901 in 00:02:44 =   48.1/s Avg:    67 Min:    18 Max:   248 Err:     0 (0.00%)
2019-06-18 15:31:15,915 INFO o.a.j.t.JMeterThread: Thread started: Leopard Seal 1-7
2019-06-18 15:31:30,014 INFO o.a.j.r.Summariser: summary +   2926 in 00:00:30 =   97.5/s Avg:    66 Min:    19 Max:   268 Err:     0 (0.00%) Active: 7 Started: 7 Finished: 0
2019-06-18 15:31:30,014 INFO o.a.j.r.Summariser: summary =  10827 in 00:03:14 =   55.8/s Avg:    66 Min:    18 Max:   268 Err:     0 (0.00%)
2019-06-18 15:31:45,916 INFO o.a.j.t.JMeterThread: Thread started: Leopard Seal 1-8
2019-06-18 15:32:00,003 INFO o.a.j.r.Summariser: summary +   3343 in 00:00:30 =  111.5/s Avg:    66 Min:    18 Max:   136 Err:     0 (0.00%) Active: 8 Started: 8 Finished: 0
2019-06-18 15:32:00,003 INFO o.a.j.r.Summariser: summary =  14170 in 00:03:44 =   63.2/s Avg:    66 Min:    18 Max:   268 Err:     0 (0.00%)
2019-06-18 15:32:15,929 INFO o.a.j.t.JMeterThread: Thread started: Leopard Seal 1-9
2019-06-18 15:32:30,014 INFO o.a.j.r.Summariser: summary +   3742 in 00:00:30 =  124.7/s Avg:    67 Min:    19 Max:   112 Err:     0 (0.00%) Active: 9 Started: 9 Finished: 0
2019-06-18 15:32:30,015 INFO o.a.j.r.Summariser: summary =  17912 in 00:04:14 =   70.5/s Avg:    67 Min:    18 Max:   268 Err:     0 (0.00%)
2019-06-18 15:32:45,924 INFO o.a.j.t.JMeterThread: Thread started: Leopard Seal 1-10
2019-06-18 15:33:00,006 INFO o.a.j.r.Summariser: summary +   4116 in 00:00:30 =  137.2/s Avg:    68 Min:    19 Max:   113 Err:     0 (0.00%) Active: 10 Started: 10 Finished: 0
2019-06-18 15:33:00,006 INFO o.a.j.r.Summariser: summary =  22028 in 00:04:44 =   77.5/s Avg:    67 Min:    18 Max:   268 Err:     0 (0.00%)
2019-06-18 15:33:30,006 INFO o.a.j.r.Summariser: summary +   4331 in 00:00:30 =  144.4/s Avg:    69 Min:    18 Max:   151 Err:     0 (0.00%) Active: 10 Started: 10 Finished: 0
2019-06-18 15:33:30,006 INFO o.a.j.r.Summariser: summary =  26359 in 00:05:14 =   83.9/s Avg:    67 Min:    18 Max:   268 Err:     0 (0.00%)
2019-06-18 15:34:00,006 INFO o.a.j.r.Summariser: summary +   4315 in 00:00:30 =  143.8/s Avg:    69 Min:    19 Max:   117 Err:     0 (0.00%) Active: 10 Started: 10 Finished: 0
2019-06-18 15:34:00,007 INFO o.a.j.r.Summariser: summary =  30674 in 00:05:44 =   89.1/s Avg:    67 Min:    18 Max:   268 Err:     0 (0.00%)
2019-06-18 15:34:30,002 INFO o.a.j.r.Summariser: summary +   4282 in 00:00:30 =  142.8/s Avg:    69 Min:    19 Max:   168 Err:     0 (0.00%) Active: 10 Started: 10 Finished: 0
2019-06-18 15:34:30,003 INFO o.a.j.r.Summariser: summary =  34956 in 00:06:14 =   93.4/s Avg:    68 Min:    18 Max:   268 Err:     0 (0.00%)
2019-06-18 15:35:00,002 INFO o.a.j.r.Summariser: summary +   4355 in 00:00:30 =  145.2/s Avg:    68 Min:    19 Max:   117 Err:     0 (0.00%) Active: 10 Started: 10 Finished: 0
2019-06-18 15:35:00,002 INFO o.a.j.r.Summariser: summary =  39311 in 00:06:44 =   97.3/s Avg:    68 Min:    18 Max:   268 Err:     0 (0.00%)
2019-06-18 15:35:30,010 INFO o.a.j.r.Summariser: summary +   4308 in 00:00:30 =  143.6/s Avg:    69 Min:    19 Max:   148 Err:     0 (0.00%) Active: 10 Started: 10 Finished: 0
2019-06-18 15:35:30,011 INFO o.a.j.r.Summariser: summary =  43619 in 00:07:14 =  100.5/s Avg:    68 Min:    18 Max:   268 Err:     0 (0.00%)
2019-06-18 15:36:00,006 INFO o.a.j.r.Summariser: summary +   4328 in 00:00:30 =  144.3/s Avg:    69 Min:    19 Max:   232 Err:     0 (0.00%) Active: 10 Started: 10 Finished: 0
2019-06-18 15:36:00,007 INFO o.a.j.r.Summariser: summary =  47947 in 00:07:44 =  103.3/s Avg:    68 Min:    18 Max:   268 Err:     0 (0.00%)
2019-06-18 15:36:30,010 INFO o.a.j.r.Summariser: summary +   4366 in 00:00:30 =  145.5/s Avg:    68 Min:    19 Max:   200 Err:     0 (0.00%) Active: 10 Started: 10 Finished: 0
2019-06-18 15:36:30,011 INFO o.a.j.r.Summariser: summary =  52313 in 00:08:14 =  105.9/s Avg:    68 Min:    18 Max:   268 Err:     0 (0.00%)
2019-06-18 15:37:00,006 INFO o.a.j.r.Summariser: summary +   4323 in 00:00:30 =  144.1/s Avg:    69 Min:    19 Max:   118 Err:     0 (0.00%) Active: 10 Started: 10 Finished: 0
2019-06-18 15:37:00,006 INFO o.a.j.r.Summariser: summary =  56636 in 00:08:44 =  108.1/s Avg:    68 Min:    18 Max:   268 Err:     0 (0.00%)
2019-06-18 15:37:30,004 INFO o.a.j.r.Summariser: summary +   4333 in 00:00:30 =  144.4/s Avg:    69 Min:    18 Max:   121 Err:     0 (0.00%) Active: 10 Started: 10 Finished: 0
2019-06-18 15:37:30,011 INFO o.a.j.r.Summariser: summary =  60969 in 00:09:14 =  110.0/s Avg:    68 Min:    18 Max:   268 Err:     0 (0.00%)
2019-06-18 15:38:00,010 INFO o.a.j.r.Summariser: summary +   4347 in 00:00:30 =  144.9/s Avg:    68 Min:    18 Max:   123 Err:     0 (0.00%) Active: 10 Started: 10 Finished: 0
2019-06-18 15:38:00,010 INFO o.a.j.r.Summariser: summary =  65316 in 00:09:44 =  111.8/s Avg:    68 Min:    18 Max:   268 Err:     0 (0.00%)
2019-06-18 15:38:15,914 INFO o.a.j.t.JMeterThread: Stopping because end time detected by thread: Leopard Seal 1-1
2019-06-18 15:38:15,914 INFO o.a.j.t.JMeterThread: Thread finished: Leopard Seal 1-1
2019-06-18 15:38:15,930 INFO o.a.j.t.JMeterThread: Stopping because end time detected by thread: Leopard Seal 1-2
2019-06-18 15:38:15,930 INFO o.a.j.t.JMeterThread: Stopping because end time detected by thread: Leopard Seal 1-3
2019-06-18 15:38:15,930 INFO o.a.j.t.JMeterThread: Thread finished: Leopard Seal 1-3
2019-06-18 15:38:15,932 INFO o.a.j.t.JMeterThread: Thread finished: Leopard Seal 1-2
2019-06-18 15:38:15,942 INFO o.a.j.t.JMeterThread: Stopping because end time detected by thread: Leopard Seal 1-6
2019-06-18 15:38:15,942 INFO o.a.j.t.JMeterThread: Thread finished: Leopard Seal 1-6
2019-06-18 15:38:15,958 INFO o.a.j.t.JMeterThread: Stopping because end time detected by thread: Leopard Seal 1-7
2019-06-18 15:38:15,958 INFO o.a.j.t.JMeterThread: Thread finished: Leopard Seal 1-7
2019-06-18 15:38:15,966 INFO o.a.j.t.JMeterThread: Stopping because end time detected by thread: Leopard Seal 1-4
2019-06-18 15:38:15,966 INFO o.a.j.t.JMeterThread: Thread finished: Leopard Seal 1-4
2019-06-18 15:38:15,973 INFO o.a.j.t.JMeterThread: Stopping because end time detected by thread: Leopard Seal 1-5
2019-06-18 15:38:15,973 INFO o.a.j.t.JMeterThread: Thread finished: Leopard Seal 1-5
2019-06-18 15:38:15,998 INFO o.a.j.t.JMeterThread: Stopping because end time detected by thread: Leopard Seal 1-10
2019-06-18 15:38:15,998 INFO o.a.j.t.JMeterThread: Thread finished: Leopard Seal 1-10
2019-06-18 15:38:16,002 INFO o.a.j.t.JMeterThread: Stopping because end time detected by thread: Leopard Seal 1-8
2019-06-18 15:38:16,002 INFO o.a.j.t.JMeterThread: Thread finished: Leopard Seal 1-8
2019-06-18 15:38:16,006 INFO o.a.j.t.JMeterThread: Stopping because end time detected by thread: Leopard Seal 1-9
2019-06-18 15:38:16,006 INFO o.a.j.t.JMeterThread: Thread finished: Leopard Seal 1-9
2019-06-18 15:38:16,007 INFO o.a.j.e.StandardJMeterEngine: Notifying test listeners of end of test
2019-06-18 15:38:16,022 INFO o.a.j.r.Summariser: summary +   2287 in 00:00:16 =  142.8/s Avg:    69 Min:    19 Max:   124 Err:     0 (0.00%) Active: 0 Started: 10 Finished: 10
2019-06-18 15:38:16,023 INFO o.a.j.r.Summariser: summary =  67603 in 00:10:00 =  112.6/s Avg:    68 Min:    18 Max:   268 Err:     0 (0.00%)
2019-06-18 15:38:16,024 INFO o.a.j.e.StandardJMeterEngine: Forced JVM shutdown requested at end of test
